1763597567098002: THREAD 0 WAITING FOR MY TURN
1763597567102412: THREAD 0 AWAKENED FOR WORK
1763597567102579: THREAD 0 INSERT,1874280167,Shigeru Miyamoto,85000
1763597567102804: THREAD 0 WRITE LOCK ACQUIRE ATTEMPT
1763597567102970: THREAD 0 WRITE LOCK ACQUIRED
1763597567103157: THREAD 0 WRITE LOCK RELEASED
1763597567098341: THREAD 6 WAITING FOR MY TURN
1763597567098395: THREAD 7 WAITING FOR MY TURN
1763597567098429: THREAD 8 WAITING FOR MY TURN
1763597567098486: THREAD 9 WAITING FOR MY TURN
1763597567098522: THREAD 10 WAITING FOR MY TURN
1763597567098569: THREAD 11 WAITING FOR MY TURN
1763597567098616: THREAD 12 WAITING FOR MY TURN
1763597567098662: THREAD 13 WAITING FOR MY TURN
1763597567098743: THREAD 14 WAITING FOR MY TURN
1763597567098757: THREAD 15 WAITING FOR MY TURN
1763597567098832: THREAD 16 WAITING FOR MY TURN
1763597567098849: THREAD 17 WAITING FOR MY TURN
1763597567098913: THREAD 18 WAITING FOR MY TURN
1763597567098960: THREAD 19 WAITING FOR MY TURN
1763597567099006: THREAD 20 WAITING FOR MY TURN
1763597567099084: THREAD 21 WAITING FOR MY TURN
1763597567099116: THREAD 22 WAITING FOR MY TURN
1763597567099165: THREAD 23 WAITING FOR MY TURN
1763597567099214: THREAD 24 WAITING FOR MY TURN
1763597567099259: THREAD 25 WAITING FOR MY TURN
1763597567099296: THREAD 26 WAITING FOR MY TURN
1763597567099341: THREAD 27 WAITING FOR MY TURN
1763597567099387: THREAD 28 WAITING FOR MY TURN
1763597567099432: THREAD 29 WAITING FOR MY TURN
1763597567099482: THREAD 30 WAITING FOR MY TURN
1763597567099534: THREAD 31 WAITING FOR MY TURN
1763597567099579: THREAD 32 WAITING FOR MY TURN
1763597567099622: THREAD 33 WAITING FOR MY TURN
1763597567099675: THREAD 34 WAITING FOR MY TURN
1763597567099719: THREAD 35 WAITING FOR MY TURN
1763597567099764: THREAD 36 WAITING FOR MY TURN
1763597567099817: THREAD 37 WAITING FOR MY TURN
1763597567099862: THREAD 38 WAITING FOR MY TURN
1763597567099909: THREAD 39 WAITING FOR MY TURN
1763597567099957: THREAD 40 WAITING FOR MY TURN
1763597567100036: THREAD 41 WAITING FOR MY TURN
1763597567100091: THREAD 42 WAITING FOR MY TURN
1763597567100142: THREAD 43 WAITING FOR MY TURN
1763597567100186: THREAD 44 WAITING FOR MY TURN
1763597567100221: THREAD 45 WAITING FOR MY TURN
1763597567100277: THREAD 46 WAITING FOR MY TURN
1763597567100358: THREAD 47 WAITING FOR MY TURN
1763597567100366: THREAD 48 WAITING FOR MY TURN
1763597567100449: THREAD 49 WAITING FOR MY TURN
1763597567100464: THREAD 50 WAITING FOR MY TURN
1763597567100510: THREAD 51 WAITING FOR MY TURN
1763597567100593: THREAD 52 WAITING FOR MY TURN
1763597567100607: THREAD 53 WAITING FOR MY TURN
1763597567100656: THREAD 54 WAITING FOR MY TURN
1763597567100701: THREAD 55 WAITING FOR MY TURN
1763597567100735: THREAD 56 WAITING FOR MY TURN
1763597567100775: THREAD 57 WAITING FOR MY TURN
1763597567100824: THREAD 58 WAITING FOR MY TURN
1763597567100865: THREAD 59 WAITING FOR MY TURN
1763597567098033: THREAD 1 WAITING FOR MY TURN
1763597567112548: THREAD 1 AWAKENED FOR WORK
1763597567112822: THREAD 1 INSERT,2569965317,Hideo Kojima,92000
1763597567112966: THREAD 1 WRITE LOCK ACQUIRE ATTEMPT
1763597567113143: THREAD 1 WRITE LOCK ACQUIRED
1763597567113280: THREAD 1 WRITE LOCK RELEASED
1763597567098161: THREAD 3 WAITING FOR MY TURN
1763597567098207: THREAD 4 WAITING FOR MY TURN
1763597567098300: THREAD 5 WAITING FOR MY TURN
1763597567098111: THREAD 2 WAITING FOR MY TURN
1763597567114225: THREAD 2 AWAKENED FOR WORK
1763597567114396: THREAD 2 INSERT,448054155,Gabe Newell,88000
1763597567114520: THREAD 2 WRITE LOCK ACQUIRE ATTEMPT
1763597567114642: THREAD 2 WRITE LOCK ACQUIRED
1763597567114792: THREAD 2 WRITE LOCK RELEASED
1763597567115558: THREAD 3 AWAKENED FOR WORK
1763597567115713: THREAD 3 INSERT,3885792650,Todd Howard,79000
1763597567115861: THREAD 3 WRITE LOCK ACQUIRE ATTEMPT
1763597567116002: THREAD 3 WRITE LOCK ACQUIRED
1763597567116165: THREAD 3 WRITE LOCK RELEASED
1763597567116896: THREAD 4 AWAKENED FOR WORK
1763597567117107: THREAD 4 INSERT,1088855094,Hidetaka Miyazaki,95000
1763597567117328: THREAD 4 WRITE LOCK ACQUIRE ATTEMPT
1763597567117448: THREAD 4 WRITE LOCK ACQUIRED
1763597567117608: THREAD 4 WRITE LOCK RELEASED
1763597567119107: THREAD 5 AWAKENED FOR WORK
1763597567119339: THREAD 5 PRINT
1763597567119496: THREAD 5 READ LOCK ACQUIRE ATTEMPT
1763597567119675: THREAD 5 READ LOCK ACQUIRED
1763597567119797: THREAD 5 READ LOCK RELEASED
1763597567120744: THREAD 6 AWAKENED FOR WORK
1763597567120912: THREAD 6 SEARCH,1874280167,Shigeru Miyamoto
1763597567121047: THREAD 6 READ LOCK ACQUIRE ATTEMPT
1763597567121169: THREAD 6 READ LOCK ACQUIRED
1763597567121297: THREAD 6 READ LOCK RELEASED
1763597567122081: THREAD 7 AWAKENED FOR WORK
1763597567122274: THREAD 7 SEARCH,2569965317,Hideo Kojima
1763597567122608: THREAD 7 READ LOCK ACQUIRE ATTEMPT
1763597567122733: THREAD 7 READ LOCK ACQUIRED
1763597567122879: THREAD 7 READ LOCK RELEASED
1763597567123835: THREAD 8 AWAKENED FOR WORK
1763597567124051: THREAD 8 INSERT,1698859017,Hayao Miyazaki,105000
1763597567124185: THREAD 8 WRITE LOCK ACQUIRE ATTEMPT
1763597567124307: THREAD 8 WRITE LOCK ACQUIRED
1763597567124427: THREAD 8 WRITE LOCK RELEASED
1763597567125323: THREAD 9 AWAKENED FOR WORK
1763597567125489: THREAD 9 INSERT,1636918322,Satoshi Kon,98000
1763597567125667: THREAD 9 WRITE LOCK ACQUIRE ATTEMPT
1763597567125787: THREAD 9 WRITE LOCK ACQUIRED
1763597567125953: THREAD 9 WRITE LOCK RELEASED
1763597567126652: THREAD 10 AWAKENED FOR WORK
1763597567126846: THREAD 10 INSERT,2395623603,Makoto Shinkai,102000
1763597567126972: THREAD 10 WRITE LOCK ACQUIRE ATTEMPT
1763597567127134: THREAD 10 WRITE LOCK ACQUIRED
1763597567127270: THREAD 10 WRITE LOCK RELEASED
1763597567127665: THREAD 11 AWAKENED FOR WORK
1763597567127814: THREAD 11 PRINT
1763597567127958: THREAD 11 READ LOCK ACQUIRE ATTEMPT
1763597567128124: THREAD 11 READ LOCK ACQUIRED
1763597567128251: THREAD 11 READ LOCK RELEASED
1763597567128877: THREAD 12 AWAKENED FOR WORK
1763597567129035: THREAD 12 UPDATE,1874280167,Shigeru Miyamoto,90000
1763597567129150: THREAD 12 WRITE LOCK ACQUIRE ATTEMPT
1763597567129269: THREAD 12 WRITE LOCK ACQUIRED
1763597567129404: THREAD 12 WRITE LOCK RELEASED
1763597567130044: THREAD 13 AWAKENED FOR WORK
1763597567130221: THREAD 13 UPDATE,2569965317,Hideo Kojima,97000
1763597567130342: THREAD 13 WRITE LOCK ACQUIRE ATTEMPT
1763597567130575: THREAD 13 WRITE LOCK ACQUIRED
1763597567130815: THREAD 13 WRITE LOCK RELEASED
1763597567131393: THREAD 14 AWAKENED FOR WORK
1763597567131557: THREAD 14 SEARCH,1874280167,Shigeru Miyamoto
1763597567131690: THREAD 14 READ LOCK ACQUIRE ATTEMPT
1763597567131854: THREAD 14 READ LOCK ACQUIRED
1763597567132008: THREAD 14 READ LOCK RELEASED
1763597567133052: THREAD 15 AWAKENED FOR WORK
1763597567133206: THREAD 15 SEARCH,2569965317,Hideo Kojima
1763597567133339: THREAD 15 READ LOCK ACQUIRE ATTEMPT
1763597567133463: THREAD 15 READ LOCK ACQUIRED
1763597567133587: THREAD 15 READ LOCK RELEASED
1763597567134208: THREAD 16 AWAKENED FOR WORK
1763597567134366: THREAD 16 INSERT,3985384421,Cloud Strife,75000
1763597567134489: THREAD 16 WRITE LOCK ACQUIRE ATTEMPT
1763597567134629: THREAD 16 WRITE LOCK ACQUIRED
1763597567134752: THREAD 16 WRITE LOCK RELEASED
1763597567135268: THREAD 17 AWAKENED FOR WORK
1763597567135449: THREAD 17 INSERT,1962867686,Samus Aran,78000
1763597567135548: THREAD 17 WRITE LOCK ACQUIRE ATTEMPT
1763597567135670: THREAD 17 WRITE LOCK ACQUIRED
1763597567135784: THREAD 17 WRITE LOCK RELEASED
1763597567136573: THREAD 18 AWAKENED FOR WORK
1763597567136749: THREAD 18 INSERT,2984192943,Link,82000
1763597567136902: THREAD 18 WRITE LOCK ACQUIRE ATTEMPT
1763597567137025: THREAD 18 WRITE LOCK ACQUIRED
1763597567137144: THREAD 18 WRITE LOCK RELEASED
1763597567137969: THREAD 19 AWAKENED FOR WORK
1763597567138129: THREAD 19 SEARCH,3985384421,Cloud Strife
1763597567138265: THREAD 19 READ LOCK ACQUIRE ATTEMPT
1763597567138385: THREAD 19 READ LOCK ACQUIRED
1763597567138528: THREAD 19 READ LOCK RELEASED
1763597567139357: THREAD 20 AWAKENED FOR WORK
1763597567139527: THREAD 20 SEARCH,2984192943,Link
1763597567139656: THREAD 20 READ LOCK ACQUIRE ATTEMPT
1763597567139908: THREAD 20 READ LOCK ACQUIRED
1763597567140074: THREAD 20 READ LOCK RELEASED
1763597567140659: THREAD 21 AWAKENED FOR WORK
1763597567140850: THREAD 21 PRINT
1763597567140980: THREAD 21 READ LOCK ACQUIRE ATTEMPT
1763597567141099: THREAD 21 READ LOCK ACQUIRED
1763597567141219: THREAD 21 READ LOCK RELEASED
1763597567141866: THREAD 22 AWAKENED FOR WORK
1763597567142026: THREAD 22 DELETE,3885792650,Todd Howard
1763597567142143: THREAD 22 WRITE LOCK ACQUIRE ATTEMPT
1763597567142243: THREAD 22 WRITE LOCK ACQUIRED
1763597567142345: THREAD 22 WRITE LOCK RELEASED
1763597567142972: THREAD 23 AWAKENED FOR WORK
1763597567143264: THREAD 23 SEARCH,3885792650,Todd Howard
1763597567143411: THREAD 23 READ LOCK ACQUIRE ATTEMPT
1763597567143535: THREAD 23 READ LOCK ACQUIRED
1763597567143659: THREAD 23 READ LOCK RELEASED
1763597567144370: THREAD 24 AWAKENED FOR WORK
1763597567144540: THREAD 24 INSERT,1687466630,Solid Snake,80000
1763597567144665: THREAD 24 WRITE LOCK ACQUIRE ATTEMPT
1763597567144807: THREAD 24 WRITE LOCK ACQUIRED
1763597567144968: THREAD 24 WRITE LOCK RELEASED
1763597567145692: THREAD 25 AWAKENED FOR WORK
1763597567145842: THREAD 25 INSERT,74577200,Master Chief,83000
1763597567145961: THREAD 25 WRITE LOCK ACQUIRE ATTEMPT
1763597567146146: THREAD 25 WRITE LOCK ACQUIRED
1763597567146258: THREAD 25 WRITE LOCK RELEASED
1763597567146863: THREAD 26 AWAKENED FOR WORK
1763597567147001: THREAD 26 UPDATE,448054155,Gabe Newell,93000
1763597567147129: THREAD 26 WRITE LOCK ACQUIRE ATTEMPT
1763597567147254: THREAD 26 WRITE LOCK ACQUIRED
1763597567147370: THREAD 26 WRITE LOCK RELEASED
1763597567148074: THREAD 27 AWAKENED FOR WORK
1763597567148202: THREAD 27 SEARCH,448054155,Gabe Newell
1763597567148302: THREAD 27 READ LOCK ACQUIRE ATTEMPT
1763597567148411: THREAD 27 READ LOCK ACQUIRED
1763597567148505: THREAD 27 READ LOCK RELEASED
1763597567149258: THREAD 28 AWAKENED FOR WORK
1763597567149425: THREAD 28 INSERT,2407962485,Aerith Gainsborough,71000
1763597567149566: THREAD 28 WRITE LOCK ACQUIRE ATTEMPT
1763597567149690: THREAD 28 WRITE LOCK ACQUIRED
1763597567149812: THREAD 28 WRITE LOCK RELEASED
1763597567150468: THREAD 29 AWAKENED FOR WORK
1763597567150619: THREAD 29 INSERT,577223543,Tifa Lockhart,69000
1763597567150742: THREAD 29 WRITE LOCK ACQUIRE ATTEMPT
1763597567150863: THREAD 29 WRITE LOCK ACQUIRED
1763597567150980: THREAD 29 WRITE LOCK RELEASED
1763597567151391: THREAD 30 AWAKENED FOR WORK
1763597567151537: THREAD 30 INSERT,1944738683,Yuna,74000
1763597567151654: THREAD 30 WRITE LOCK ACQUIRE ATTEMPT
1763597567151775: THREAD 30 WRITE LOCK ACQUIRED
1763597567151897: THREAD 30 WRITE LOCK RELEASED
1763597567152448: THREAD 31 AWAKENED FOR WORK
1763597567152601: THREAD 31 PRINT
1763597567152728: THREAD 31 READ LOCK ACQUIRE ATTEMPT
1763597567152866: THREAD 31 READ LOCK ACQUIRED
1763597567152992: THREAD 31 READ LOCK RELEASED
1763597567153624: THREAD 32 AWAKENED FOR WORK
1763597567153780: THREAD 32 SEARCH,2407962485,Aerith Gainsborough
1763597567153904: THREAD 32 READ LOCK ACQUIRE ATTEMPT
1763597567154023: THREAD 32 READ LOCK ACQUIRED
1763597567154167: THREAD 32 READ LOCK RELEASED
1763597567154586: THREAD 33 AWAKENED FOR WORK
1763597567154715: THREAD 33 UPDATE,2407962485,Aerith Gainsborough,76000
1763597567154812: THREAD 33 WRITE LOCK ACQUIRE ATTEMPT
1763597567154933: THREAD 33 WRITE LOCK ACQUIRED
1763597567155056: THREAD 33 WRITE LOCK RELEASED
1763597567155462: THREAD 34 AWAKENED FOR WORK
1763597567155608: THREAD 34 SEARCH,2407962485,Aerith Gainsborough
1763597567155731: THREAD 34 READ LOCK ACQUIRE ATTEMPT
1763597567155877: THREAD 34 READ LOCK ACQUIRED
1763597567156121: THREAD 34 READ LOCK RELEASED
1763597567156611: THREAD 35 AWAKENED FOR WORK
1763597567156770: THREAD 35 DELETE,1636918322,Satoshi Kon
1763597567156970: THREAD 35 WRITE LOCK ACQUIRE ATTEMPT
1763597567157116: THREAD 35 WRITE LOCK ACQUIRED
1763597567157242: THREAD 35 WRITE LOCK RELEASED
1763597567157623: THREAD 36 AWAKENED FOR WORK
1763597567157748: THREAD 36 SEARCH,1636918322,Satoshi Kon
1763597567157939: THREAD 36 READ LOCK ACQUIRE ATTEMPT
1763597567158033: THREAD 36 READ LOCK ACQUIRED
1763597567158139: THREAD 36 READ LOCK RELEASED
1763597567158616: THREAD 37 AWAKENED FOR WORK
1763597567158784: THREAD 37 INSERT,570842830,Nobuo Uematsu,88000
1763597567158907: THREAD 37 WRITE LOCK ACQUIRE ATTEMPT
1763597567159076: THREAD 37 WRITE LOCK ACQUIRED
1763597567159191: THREAD 37 WRITE LOCK RELEASED
1763597567159584: THREAD 38 AWAKENED FOR WORK
1763597567159729: THREAD 38 INSERT,1499823524,Koji Kondo,86000
1763597567159894: THREAD 38 WRITE LOCK ACQUIRE ATTEMPT
1763597567160079: THREAD 38 WRITE LOCK ACQUIRED
1763597567160205: THREAD 38 WRITE LOCK RELEASED
1763597567160590: THREAD 39 AWAKENED FOR WORK
1763597567160761: THREAD 39 INSERT,3972258834,Yoko Shimomura,91000
1763597567160887: THREAD 39 WRITE LOCK ACQUIRE ATTEMPT
1763597567161077: THREAD 39 WRITE LOCK ACQUIRED
1763597567161211: THREAD 39 WRITE LOCK RELEASED
1763597567161773: THREAD 40 AWAKENED FOR WORK
1763597567161932: THREAD 40 PRINT
1763597567162054: THREAD 40 READ LOCK ACQUIRE ATTEMPT
1763597567162170: THREAD 40 READ LOCK ACQUIRED
1763597567162292: THREAD 40 READ LOCK RELEASED
1763597567162917: THREAD 41 AWAKENED FOR WORK
1763597567163082: THREAD 41 UPDATE,1088855094,Hidetaka Miyazaki,100000
1763597567163262: THREAD 41 WRITE LOCK ACQUIRE ATTEMPT
1763597567163436: THREAD 41 WRITE LOCK ACQUIRED
1763597567163584: THREAD 41 WRITE LOCK RELEASED
1763597567164004: THREAD 42 AWAKENED FOR WORK
1763597567164223: THREAD 42 UPDATE,1698859017,Hayao Miyazaki,110000
1763597567164420: THREAD 42 WRITE LOCK ACQUIRE ATTEMPT
1763597567164534: THREAD 42 WRITE LOCK ACQUIRED
1763597567164655: THREAD 42 WRITE LOCK RELEASED
1763597567165051: THREAD 43 AWAKENED FOR WORK
1763597567165196: THREAD 43 SEARCH,1088855094,Hidetaka Miyazaki
1763597567165315: THREAD 43 READ LOCK ACQUIRE ATTEMPT
1763597567165482: THREAD 43 READ LOCK ACQUIRED
1763597567165649: THREAD 43 READ LOCK RELEASED
1763597567166071: THREAD 44 AWAKENED FOR WORK
1763597567166247: THREAD 44 SEARCH,1698859017,Hayao Miyazaki
1763597567166363: THREAD 44 READ LOCK ACQUIRE ATTEMPT
1763597567166471: THREAD 44 READ LOCK ACQUIRED
1763597567166577: THREAD 44 READ LOCK RELEASED
1763597567166874: THREAD 45 AWAKENED FOR WORK
1763597567167120: THREAD 45 INSERT,2149605728,Mario,65000
1763597567167248: THREAD 45 WRITE LOCK ACQUIRE ATTEMPT
1763597567167393: THREAD 45 WRITE LOCK ACQUIRED
1763597567167516: THREAD 45 WRITE LOCK RELEASED
1763597567167807: THREAD 46 AWAKENED FOR WORK
1763597567167952: THREAD 46 INSERT,3075887164,Sonic,67000
1763597567168156: THREAD 46 WRITE LOCK ACQUIRE ATTEMPT
1763597567168277: THREAD 46 WRITE LOCK ACQUIRED
1763597567168381: THREAD 46 WRITE LOCK RELEASED
1763597567168723: THREAD 47 AWAKENED FOR WORK
1763597567168840: THREAD 47 DELETE,577223543,Tifa Lockhart
1763597567168946: THREAD 47 WRITE LOCK ACQUIRE ATTEMPT
1763597567169055: THREAD 47 WRITE LOCK ACQUIRED
1763597567169141: THREAD 47 WRITE LOCK RELEASED
1763597567169439: THREAD 48 AWAKENED FOR WORK
1763597567169565: THREAD 48 SEARCH,577223543,Tifa Lockhart
1763597567169677: THREAD 48 READ LOCK ACQUIRE ATTEMPT
1763597567169786: THREAD 48 READ LOCK ACQUIRED
1763597567169899: THREAD 48 READ LOCK RELEASED
1763597567170238: THREAD 49 AWAKENED FOR WORK
1763597567170348: THREAD 49 INSERT,2553899711,Lara Croft,77000
1763597567170436: THREAD 49 WRITE LOCK ACQUIRE ATTEMPT
1763597567170516: THREAD 49 WRITE LOCK ACQUIRED
1763597567170612: THREAD 49 WRITE LOCK RELEASED
1763597567170873: THREAD 50 AWAKENED FOR WORK
1763597567171004: THREAD 50 UPDATE,74577200,Master Chief,88000
1763597567171110: THREAD 50 WRITE LOCK ACQUIRE ATTEMPT
1763597567171212: THREAD 50 WRITE LOCK ACQUIRED
1763597567171324: THREAD 50 WRITE LOCK RELEASED
1763597567171611: THREAD 51 AWAKENED FOR WORK
1763597567172139: THREAD 51 SEARCH,74577200,Master Chief
1763597567172323: THREAD 51 READ LOCK ACQUIRE ATTEMPT
1763597567172445: THREAD 51 READ LOCK ACQUIRED
1763597567172558: THREAD 51 READ LOCK RELEASED
1763597567172791: THREAD 52 AWAKENED FOR WORK
1763597567172942: THREAD 52 PRINT
1763597567173065: THREAD 52 READ LOCK ACQUIRE ATTEMPT
1763597567173183: THREAD 52 READ LOCK ACQUIRED
1763597567173494: THREAD 52 READ LOCK RELEASED
1763597567173746: THREAD 53 AWAKENED FOR WORK
1763597567173969: THREAD 53 INSERT,2693621267,Kirby,62000
1763597567174095: THREAD 53 WRITE LOCK ACQUIRE ATTEMPT
1763597567174260: THREAD 53 WRITE LOCK ACQUIRED
1763597567174382: THREAD 53 WRITE LOCK RELEASED
1763597567174616: THREAD 54 AWAKENED FOR WORK
1763597567174755: THREAD 54 UPDATE,2984192943,Link,87000
1763597567174879: THREAD 54 WRITE LOCK ACQUIRE ATTEMPT
1763597567174996: THREAD 54 WRITE LOCK ACQUIRED
1763597567175101: THREAD 54 WRITE LOCK RELEASED
1763597567175262: THREAD 55 AWAKENED FOR WORK
1763597567175399: THREAD 55 DELETE,1944738683,Yuna
1763597567175514: THREAD 55 WRITE LOCK ACQUIRE ATTEMPT
1763597567175626: THREAD 55 WRITE LOCK ACQUIRED
1763597567175727: THREAD 55 WRITE LOCK RELEASED
1763597567176080: THREAD 56 AWAKENED FOR WORK
1763597567176206: THREAD 56 INSERT,1925106209,Geralt of Rivia,84000
1763597567176315: THREAD 56 WRITE LOCK ACQUIRE ATTEMPT
1763597567176423: THREAD 56 WRITE LOCK ACQUIRED
1763597567176537: THREAD 56 WRITE LOCK RELEASED
1763597567176726: THREAD 57 AWAKENED FOR WORK
1763597567176876: THREAD 57 SEARCH,3031909796,Nonexistent Character
1763597567177003: THREAD 57 READ LOCK ACQUIRE ATTEMPT
1763597567177119: THREAD 57 READ LOCK ACQUIRED
1763597567177241: THREAD 57 READ LOCK RELEASED
1763597567177393: THREAD 58 AWAKENED FOR WORK
1763597567177542: THREAD 58 UPDATE,1513496221,Missing Person,99999
1763597567177664: THREAD 58 WRITE LOCK ACQUIRE ATTEMPT
1763597567177771: THREAD 58 WRITE LOCK ACQUIRED
1763597567177878: THREAD 58 WRITE LOCK RELEASED
1763597567178004: THREAD 59 AWAKENED FOR WORK
1763597567178122: THREAD 59 PRINT
1763597567178231: THREAD 59 READ LOCK ACQUIRE ATTEMPT
1763597567178348: THREAD 59 READ LOCK ACQUIRED
1763597567178463: THREAD 59 READ LOCK RELEASED
1763597567178607: THREAD -1 READ LOCK ACQUIRE ATTEMPT
1763597567178705: THREAD -1 READ LOCK ACQUIRED
1763597567178867: THREAD -1 READ LOCK RELEASED
